<?xml version="1.0" encoding="UTF-8" ?>
<testsuite errors="0" failures="0" hostname="NongPoohNaKab" name="RationalTest" skipped="0" tests="12" time="0.081" timestamp="2022-09-12T04:30:30">
  <properties>
    <property name="ant.library.dir" value="C:\Program Files\JetBrains\IntelliJ IDEA 2021.3.3\lib\ant\lib" />
    <property name="ant.file.type" value="file" />
    <property name="java.specification.version" value="18" />
    <property name="sun.cpu.isalist" value="amd64" />
    <property name="sun.jnu.encoding" value="Cp1252" />
    <property name="java.class.path" value="C:\Program Files\Java\jdk-18!\java.base;C:\Program Files\Java\jdk-18!\java.compiler;C:\Program Files\Java\jdk-18!\java.datatransfer;C:\Program Files\Java\jdk-18!\java.desktop;C:\Program Files\Java\jdk-18!\java.instrument;C:\Program Files\Java\jdk-18!\java.logging;C:\Program Files\Java\jdk-18!\java.management;C:\Program Files\Java\jdk-18!\java.management.rmi;C:\Program Files\Java\jdk-18!\java.naming;C:\Program Files\Java\jdk-18!\java.net.http;C:\Program Files\Java\jdk-18!\java.prefs;C:\Program Files\Java\jdk-18!\java.rmi;C:\Program Files\Java\jdk-18!\java.scripting;C:\Program Files\Java\jdk-18!\java.se;C:\Program Files\Java\jdk-18!\java.security.jgss;C:\Program Files\Java\jdk-18!\java.security.sasl;C:\Program Files\Java\jdk-18!\java.smartcardio;C:\Program Files\Java\jdk-18!\java.sql;C:\Program Files\Java\jdk-18!\java.sql.rowset;C:\Program Files\Java\jdk-18!\java.transaction.xa;C:\Program Files\Java\jdk-18!\java.xml;C:\Program Files\Java\jdk-18!\java.xml.crypto;C:\Program Files\Java\jdk-18!\jdk.accessibility;C:\Program Files\Java\jdk-18!\jdk.attach;C:\Program Files\Java\jdk-18!\jdk.charsets;C:\Program Files\Java\jdk-18!\jdk.compiler;C:\Program Files\Java\jdk-18!\jdk.crypto.cryptoki;C:\Program Files\Java\jdk-18!\jdk.crypto.ec;C:\Program Files\Java\jdk-18!\jdk.crypto.mscapi;C:\Program Files\Java\jdk-18!\jdk.dynalink;C:\Program Files\Java\jdk-18!\jdk.editpad;C:\Program Files\Java\jdk-18!\jdk.hotspot.agent;C:\Program Files\Java\jdk-18!\jdk.httpserver;C:\Program Files\Java\jdk-18!\jdk.incubator.foreign;C:\Program Files\Java\jdk-18!\jdk.incubator.vector;C:\Program Files\Java\jdk-18!\jdk.internal.ed;C:\Program Files\Java\jdk-18!\jdk.internal.jvmstat;C:\Program Files\Java\jdk-18!\jdk.internal.le;C:\Program Files\Java\jdk-18!\jdk.internal.opt;C:\Program Files\Java\jdk-18!\jdk.internal.vm.ci;C:\Program Files\Java\jdk-18!\jdk.internal.vm.compiler;C:\Program Files\Java\jdk-18!\jdk.internal.vm.compiler.management;C:\Program Files\Java\jdk-18!\jdk.jartool;C:\Program Files\Java\jdk-18!\jdk.javadoc;C:\Program Files\Java\jdk-18!\jdk.jcmd;C:\Program Files\Java\jdk-18!\jdk.jconsole;C:\Program Files\Java\jdk-18!\jdk.jdeps;C:\Program Files\Java\jdk-18!\jdk.jdi;C:\Program Files\Java\jdk-18!\jdk.jdwp.agent;C:\Program Files\Java\jdk-18!\jdk.jfr;C:\Program Files\Java\jdk-18!\jdk.jlink;C:\Program Files\Java\jdk-18!\jdk.jpackage;C:\Program Files\Java\jdk-18!\jdk.jshell;C:\Program Files\Java\jdk-18!\jdk.jsobject;C:\Program Files\Java\jdk-18!\jdk.jstatd;C:\Program Files\Java\jdk-18!\jdk.localedata;C:\Program Files\Java\jdk-18!\jdk.management;C:\Program Files\Java\jdk-18!\jdk.management.agent;C:\Program Files\Java\jdk-18!\jdk.management.jfr;C:\Program Files\Java\jdk-18!\jdk.naming.dns;C:\Program Files\Java\jdk-18!\jdk.naming.rmi;C:\Program Files\Java\jdk-18!\jdk.net;C:\Program Files\Java\jdk-18!\jdk.nio.mapmode;C:\Program Files\Java\jdk-18!\jdk.random;C:\Program Files\Java\jdk-18!\jdk.sctp;C:\Program Files\Java\jdk-18!\jdk.security.auth;C:\Program Files\Java\jdk-18!\jdk.security.jgss;C:\Program Files\Java\jdk-18!\jdk.unsupported;C:\Program Files\Java\jdk-18!\jdk.unsupported.desktop;C:\Program Files\Java\jdk-18!\jdk.xml.dom;C:\Program Files\Java\jdk-18!\jdk.zipfs;C:\Program Files\JetBrains\IntelliJ IDEA 2021.3.3\lib\ant\lib\ant-antlr.jar;C:\Program Files\JetBrains\IntelliJ IDEA 2021.3.3\lib\ant\lib\ant-apache-bcel.jar;C:\Program Files\JetBrains\IntelliJ IDEA 2021.3.3\lib\ant\lib\ant-apache-bsf.jar;C:\Program Files\JetBrains\IntelliJ IDEA 2021.3.3\lib\ant\lib\ant-apache-log4j.jar;C:\Program Files\JetBrains\IntelliJ IDEA 2021.3.3\lib\ant\lib\ant-apache-oro.jar;C:\Program Files\JetBrains\IntelliJ IDEA 2021.3.3\lib\ant\lib\ant-apache-regexp.jar;C:\Program Files\JetBrains\IntelliJ IDEA 2021.3.3\lib\ant\lib\ant-apache-resolver.jar;C:\Program Files\JetBrains\IntelliJ IDEA 2021.3.3\lib\ant\lib\ant-apache-xalan2.jar;C:\Program Files\JetBrains\IntelliJ IDEA 2021.3.3\lib\ant\lib\ant-commons-logging.jar;C:\Program Files\JetBrains\IntelliJ IDEA 2021.3.3\lib\ant\lib\ant-commons-net.jar;C:\Program Files\JetBrains\IntelliJ IDEA 2021.3.3\lib\ant\lib\ant-jai.jar;C:\Program Files\JetBrains\IntelliJ IDEA 2021.3.3\lib\ant\lib\ant-javamail.jar;C:\Program Files\JetBrains\IntelliJ IDEA 2021.3.3\lib\ant\lib\ant-jdepend.jar;C:\Program Files\JetBrains\IntelliJ IDEA 2021.3.3\lib\ant\lib\ant-jmf.jar;C:\Program Files\JetBrains\IntelliJ IDEA 2021.3.3\lib\ant\lib\ant-jsch.jar;C:\Program Files\JetBrains\IntelliJ IDEA 2021.3.3\lib\ant\lib\ant-junit.jar;C:\Program Files\JetBrains\IntelliJ IDEA 2021.3.3\lib\ant\lib\ant-junit4.jar;C:\Program Files\JetBrains\IntelliJ IDEA 2021.3.3\lib\ant\lib\ant-junitlauncher.jar;C:\Program Files\JetBrains\IntelliJ IDEA 2021.3.3\lib\ant\lib\ant-launcher.jar;C:\Program Files\JetBrains\IntelliJ IDEA 2021.3.3\lib\ant\lib\ant-netrexx.jar;C:\Program Files\JetBrains\IntelliJ IDEA 2021.3.3\lib\ant\lib\ant-swing.jar;C:\Program Files\JetBrains\IntelliJ IDEA 2021.3.3\lib\ant\lib\ant-testutil.jar;C:\Program Files\JetBrains\IntelliJ IDEA 2021.3.3\lib\ant\lib\ant-xz.jar;C:\Program Files\JetBrains\IntelliJ IDEA 2021.3.3\lib\ant\lib\ant.jar;C:\Program Files\JetBrains\IntelliJ IDEA 2021.3.3\lib\idea_rt.jar" />
    <property name="java.vm.vendor" value="Oracle Corporation" />
    <property name="sun.arch.data.model" value="64" />
    <property name="user.variant" value="" />
    <property name="java.vendor.url" value="https://java.oracle.com/" />
    <property name="os.name" value="Windows 11" />
    <property name="java.vm.specification.version" value="18" />
    <property name="sun.java.launcher" value="SUN_STANDARD" />
    <property name="user.country" value="US" />
    <property name="sun.boot.library.path" value="C:\Program Files\Java\jdk-18\bin" />
    <property name="sun.java.command" value="com.intellij.rt.ant.execution.AntMain2 -logger com.intellij.rt.ant.execution.IdeaAntLogger2 -inputhandler com.intellij.rt.ant.execution.IdeaInputHandler -buildfile C:\Users\asus\Documents\QA\Rational\build.xml test" />
    <property name="jdk.debug" value="release" />
    <property name="sun.cpu.endian" value="little" />
    <property name="user.home" value="C:\Users\asus" />
    <property name="user.language" value="en" />
    <property name="java.specification.vendor" value="Oracle Corporation" />
    <property name="java.version.date" value="2022-03-22" />
    <property name="java.home" value="C:\Program Files\Java\jdk-18" />
    <property name="basedir" value="C:\Users\asus\Documents\QA\Rational" />
    <property name="file.separator" value="\" />
    <property name="java.vm.compressedOopsMode" value="32-bit" />
    <property name="line.separator" value="&#xd;&#xa;" />
    <property name="ant.java.version" value="18" />
    <property name="java.specification.name" value="Java Platform API Specification" />
    <property name="java.vm.specification.vendor" value="Oracle Corporation" />
    <property name="user.script" value="" />
    <property name="sun.management.compiler" value="HotSpot 64-Bit Tiered Compilers" />
    <property name="java.runtime.version" value="18+36-2087" />
    <property name="user.name" value="asus" />
    <property name="ant.file" value="C:\Users\asus\Documents\QA\Rational\build.xml" />
    <property name="path.separator" value=";" />
    <property name="os.version" value="10.0" />
    <property name="java.runtime.name" value="Java(TM) SE Runtime Environment" />
    <property name="ant.project.invoked-targets" value="test" />
    <property name="file.encoding" value="UTF-8" />
    <property name="java.vm.name" value="Java HotSpot(TM) 64-Bit Server VM" />
    <property name="ant.core.lib" value="C:\Program Files\JetBrains\IntelliJ IDEA 2021.3.3\lib\ant\lib\ant.jar" />
    <property name="java.vendor.url.bug" value="https://bugreport.java.com/bugreport/" />
    <property name="java.io.tmpdir" value="C:\Users\asus\AppData\Local\Temp\" />
    <property name="java.version" value="18" />
    <property name="user.dir" value="C:\Users\asus\Documents\QA\Rational" />
    <property name="os.arch" value="amd64" />
    <property name="java.vm.specification.name" value="Java Virtual Machine Specification" />
    <property name="ant.home" value="C:\Program Files\JetBrains\IntelliJ IDEA 2021.3.3\lib\ant" />
    <property name="sun.os.patch.level" value="" />
    <property name="native.encoding" value="Cp1252" />
    <property name="ant.version" value="Apache Ant(TM) version 1.10.5 compiled on July 10 2018" />
    <property name="java.library.path" value="C:\Program Files\Java\jdk-18\bin;C:\WINDOWS\Sun\Java\bin;C:\WINDOWS\system32;C:\WINDOWS;C:\Program Files\Common Files\Oracle\Java\javapath;C:\Program Files (x86)\Common Files\Oracle\Java\javapath;C:\Program Files (x86)\Razer\ChromaBroadcast\bin;C:\Program Files\Razer\ChromaBroadcast\bin;C:\Windows\system32;C:\Windows;C:\Windows\System32\Wbem;C:\Windows\System32\WindowsPowerShell\v1.0\;C:\Windows\System32\OpenSSH\;C:\Program Files\Git\cmd;C:\Program Files (x86)\Pulse Secure\VC142.CRT\X64\;C:\Program Files (x86)\Pulse Secure\VC142.CRT\X86\;C:\Windows\system32\config\systemprofile\AppData\Local\Microsoft\WindowsApps;C:\Program Files\nodejs\;C:\Program Files\TortoiseSVN\bin;C:\Program Files (x86)\Microsoft SQL Server\150\DTS\Binn\;C:\Program Files\Azure Data Studio\bin;C:\WINDOWS\system32;C:\WINDOWS;C:\WINDOWS\System32\Wbem;C:\Gradle\gradle-7.5\bin;C:\WINDOWS\System32\WindowsPowerShell\v1.0\;C:\WINDOWS\System32\OpenSSH\;%GRADLE_HOME%\bin;C:\Program Files\MySQL\MySQL Shell 8.0\bin\;C:\Users\asus\AppData\Local\Programs\Python\Python310\Scripts\;C:\Users\asus\AppData\Local\Microsoft\WindowsApps;C:\Users\asus\Documents\flutter\bin;C:\Users\asus\AppData\Local\Programs\Microsoft VS Code\bin;C:\Program Files\JetBrains\IntelliJ IDEA 2021.3.3\bin;;C:\Program Files\nodejs;C:\Users\asus\AppData\Roaming\npm;C:\xampp\php;;C:\Program Files\Azure Data Studio\bin;." />
    <property name="java.vendor" value="Oracle Corporation" />
    <property name="java.vm.info" value="mixed mode, sharing" />
    <property name="java.vm.version" value="18+36-2087" />
    <property name="sun.io.unicode.encoding" value="UnicodeLittle" />
    <property name="java.class.version" value="62.0" />
  </properties>
  <testcase classname="RationalTest" name="testEquals2" time="0.012" />
  <testcase classname="RationalTest" name="testEquals3" time="0.001" />
  <testcase classname="RationalTest" name="testEquals4" time="0.0" />
  <testcase classname="RationalTest" name="testCompareTo2" time="0.001" />
  <testcase classname="RationalTest" name="testCompareTo3" time="0.0" />
  <testcase classname="RationalTest" name="testAdd" time="0.0" />
  <testcase classname="RationalTest" name="testSubtract" time="0.001" />
  <testcase classname="RationalTest" name="testToString" time="0.005" />
  <testcase classname="RationalTest" name="testCompareTo" time="0.001" />
  <testcase classname="RationalTest" name="testDivide" time="0.0" />
  <testcase classname="RationalTest" name="testEquals" time="0.001" />
  <testcase classname="RationalTest" name="testMultiply" time="0.0" />
  <system-out><![CDATA[]]></system-out>
  <system-err><![CDATA[]]></system-err>
</testsuite>
