<?xml version="1.0" encoding="UTF-8"?>
<testsuite name="RationalTest" tests="12" skipped="0" failures="0" errors="0" timestamp="2022-09-12T04:56:15" hostname="NONGPOOHNAKAB" time="0.009">
  <properties/>
  <testcase name="testEquals2" classname="RationalTest" time="0.006"/>
  <testcase name="testEquals3" classname="RationalTest" time="0.0"/>
  <testcase name="testEquals4" classname="RationalTest" time="0.0"/>
  <testcase name="testCompareTo2" classname="RationalTest" time="0.0"/>
  <testcase name="testCompareTo3" classname="RationalTest" time="0.0"/>
  <testcase name="testAdd" classname="RationalTest" time="0.0"/>
  <testcase name="testSubtract" classname="RationalTest" time="0.0"/>
  <testcase name="testToString" classname="RationalTest" time="0.0"/>
  <testcase name="testCompareTo" classname="RationalTest" time="0.0"/>
  <testcase name="testDivide" classname="RationalTest" time="0.001"/>
  <testcase name="testEquals" classname="RationalTest" time="0.0"/>
  <testcase name="testMultiply" classname="RationalTest" time="0.0"/>
  <system-out><![CDATA[]]></system-out>
  <system-err><![CDATA[]]></system-err>
</testsuite>
